<?xml version="1.0" encoding="UTF-8"?>
<testng-results ignored="0" total="4" passed="3" failed="1" skipped="0">
  <reporter-output>
  </reporter-output>
  <suite started-at="2025-07-20T22:04:53 IST" name="PetStoreAPI" finished-at="2025-07-20T22:05:01 IST" duration-ms="8112">
    <groups>
    </groups>
    <test started-at="2025-07-20T22:04:53 IST" name="Pet API Tests" finished-at="2025-07-20T22:05:01 IST" duration-ms="8112">
      <class name="tests.PostAddNewPetToStore">
        <test-method is-config="true" signature="setup()[pri:0, instance:tests.PostAddNewPetToStore@f5acb9d]" started-at="2025-07-20T22:04:53 IST" name="setup" finished-at="2025-07-20T22:04:53 IST" duration-ms="13" status="PASS">
          <reporter-output>
          </reporter-output>
        </test-method> <!-- setup -->
        <test-method signature="postPetByValidDetails()[pri:0, instance:tests.PostAddNewPetToStore@f5acb9d]" started-at="2025-07-20T22:04:53 IST" name="postPetByValidDetails" finished-at="2025-07-20T22:04:58 IST" duration-ms="4312" status="PASS">
          <reporter-output>
          </reporter-output>
        </test-method> <!-- postPetByValidDetails -->
      </class> <!-- tests.PostAddNewPetToStore -->
      <class name="tests.DeletesApet">
        <test-method is-config="true" signature="setup()[pri:0, instance:tests.DeletesApet@47e2e487]" started-at="2025-07-20T22:05:00 IST" name="setup" finished-at="2025-07-20T22:05:00 IST" duration-ms="2" status="PASS">
          <reporter-output>
          </reporter-output>
        </test-method> <!-- setup -->
        <test-method signature="getPetById()[pri:0, instance:tests.DeletesApet@47e2e487]" started-at="2025-07-20T22:05:00 IST" name="getPetById" finished-at="2025-07-20T22:05:01 IST" duration-ms="1133" status="FAIL">
          <exception class="java.lang.AssertionError">
            <message>
              <![CDATA[expected [404] but found [200]]]>
            </message>
            <full-stacktrace>
              <![CDATA[java.lang.AssertionError: expected [404] but found [200]
at org.testng.Assert.fail(Assert.java:111)
at org.testng.Assert.failNotEquals(Assert.java:1578)
at org.testng.Assert.assertEqualsImpl(Assert.java:150)
at org.testng.Assert.assertEquals(Assert.java:132)
at org.testng.Assert.assertEquals(Assert.java:1419)
at org.testng.Assert.assertEquals(Assert.java:1383)
at org.testng.Assert.assertEquals(Assert.java:1429)
at tests.DeletesApet.getPetById(DeletesApet.java:14)
at java.base/jdk.internal.reflect.NativeMethodAccessorImpl.invoke0(Native Method)
at java.base/jdk.internal.reflect.NativeMethodAccessorImpl.invoke(NativeMethodAccessorImpl.java:77)
at java.base/jdk.internal.reflect.DelegatingMethodAccessorImpl.invoke(DelegatingMethodAccessorImpl.java:43)
at java.base/java.lang.reflect.Method.invoke(Method.java:568)
at org.testng.internal.invokers.MethodInvocationHelper.invokeMethod(MethodInvocationHelper.java:141)
at org.testng.internal.invokers.TestInvoker.invokeMethod(TestInvoker.java:686)
at org.testng.internal.invokers.TestInvoker.invokeTestMethod(TestInvoker.java:230)
at org.testng.internal.invokers.MethodRunner.runInSequence(MethodRunner.java:63)
at org.testng.internal.invokers.TestInvoker$MethodInvocationAgent.invoke(TestInvoker.java:992)
at org.testng.internal.invokers.TestInvoker.invokeTestMethods(TestInvoker.java:203)
at org.testng.internal.invokers.TestMethodWorker.invokeTestMethods(TestMethodWorker.java:154)
at org.testng.internal.invokers.TestMethodWorker.run(TestMethodWorker.java:134)
at java.base/java.util.ArrayList.forEach(ArrayList.java:1511)
at org.testng.TestRunner.privateRun(TestRunner.java:739)
at org.testng.TestRunner.run(TestRunner.java:614)
at org.testng.SuiteRunner.runTest(SuiteRunner.java:421)
at org.testng.SuiteRunner.runSequentially(SuiteRunner.java:413)
at org.testng.SuiteRunner.privateRun(SuiteRunner.java:373)
at org.testng.SuiteRunner.run(SuiteRunner.java:312)
at org.testng.SuiteRunnerWorker.runSuite(SuiteRunnerWorker.java:52)
at org.testng.SuiteRunnerWorker.run(SuiteRunnerWorker.java:95)
at org.testng.TestNG.runSuitesSequentially(TestNG.java:1274)
at org.testng.TestNG.runSuitesLocally(TestNG.java:1208)
at org.testng.TestNG.runSuites(TestNG.java:1112)
at org.testng.TestNG.run(TestNG.java:1079)
at org.apache.maven.surefire.testng.TestNGExecutor.run(TestNGExecutor.java:324)
at org.apache.maven.surefire.testng.TestNGXmlTestSuite.execute(TestNGXmlTestSuite.java:74)
at org.apache.maven.surefire.testng.TestNGProvider.invoke(TestNGProvider.java:123)
at org.apache.maven.surefire.booter.ForkedBooter.runSuitesInProcess(ForkedBooter.java:456)
at org.apache.maven.surefire.booter.ForkedBooter.execute(ForkedBooter.java:169)
at org.apache.maven.surefire.booter.ForkedBooter.run(ForkedBooter.java:595)
at org.apache.maven.surefire.booter.ForkedBooter.main(ForkedBooter.java:581)
]]>
            </full-stacktrace>
          </exception> <!-- java.lang.AssertionError -->
          <reporter-output>
          </reporter-output>
        </test-method> <!-- getPetById -->
      </class> <!-- tests.DeletesApet -->
      <class name="tests.GetPetByID">
        <test-method is-config="true" signature="setup()[pri:0, instance:tests.GetPetByID@659499f1]" started-at="2025-07-20T22:04:58 IST" name="setup" finished-at="2025-07-20T22:04:58 IST" duration-ms="1" status="PASS">
          <reporter-output>
          </reporter-output>
        </test-method> <!-- setup -->
        <test-method signature="getPetById()[pri:0, instance:tests.GetPetByID@659499f1]" started-at="2025-07-20T22:04:58 IST" name="getPetById" finished-at="2025-07-20T22:04:59 IST" duration-ms="1102" status="PASS">
          <reporter-output>
          </reporter-output>
        </test-method> <!-- getPetById -->
      </class> <!-- tests.GetPetByID -->
      <class name="tests.StoreTests">
        <test-method is-config="true" signature="setup()[pri:0, instance:tests.StoreTests@51e69659]" started-at="2025-07-20T22:04:59 IST" name="setup" finished-at="2025-07-20T22:04:59 IST" duration-ms="1" status="PASS">
          <reporter-output>
          </reporter-output>
        </test-method> <!-- setup -->
        <test-method signature="getPetById()[pri:0, instance:tests.StoreTests@51e69659]" started-at="2025-07-20T22:04:59 IST" name="getPetById" finished-at="2025-07-20T22:05:00 IST" duration-ms="1131" status="PASS">
          <reporter-output>
          </reporter-output>
        </test-method> <!-- getPetById -->
      </class> <!-- tests.StoreTests -->
    </test> <!-- Pet API Tests -->
  </suite> <!-- PetStoreAPI -->
</testng-results>
